[2022-03-20 10:13:40] [2]require_once(C:\xampp\htdocs\integrativeProgramming\/Function/announcement.php): failed to open stream: No such file or directory | Fatal error on line 13 in file C:\xampp\htdocs\integrativeProgramming\InstructorArea\AJAX\displayAnnounceList.php 
[2022-03-20 10:16:42] [2]require_once(C:\xampp\htdocs\integrativeProgramming\/Function/announcement.php): failed to open stream: No such file or directory | Fatal error on line 13 in file C:\xampp\htdocs\integrativeProgramming\InstructorArea\AJAX\displayAnnounceList.php 
[2022-03-20 10:17:46] [2]require_once(C:\xampp\htdocs\integrativeProgramming\/Function/announcement.php): failed to open stream: No such file or directory | Fatal error on line 13 in file C:\xampp\htdocs\integrativeProgramming\InstructorArea\AJAX\displayAnnounceList.php 
[2022-03-20 10:17:58] [2]require_once(C:\xampp\htdocs\integrativeProgramming\/Function/announcement.php): failed to open stream: No such file or directory | Fatal error on line 13 in file C:\xampp\htdocs\integrativeProgramming\InstructorArea\AJAX\displayAnnounceList.php 
[2022-03-20 10:18:50] [2]require_once(C:\xampp\htdocs\integrativeProgramming\/Function/announcement.php): failed to open stream: No such file or directory | Fatal error on line 13 in file C:\xampp\htdocs\integrativeProgramming\InstructorArea\AJAX\displayAnnounceList.php 
[2022-03-20 10:19:27] [2]require_once(C:\xampp\htdocs\integrativeProgramming\/Function/announcement.php): failed to open stream: No such file or directory | Fatal error on line 13 in file C:\xampp\htdocs\integrativeProgramming\InstructorArea\AJAX\displayAnnounceList.php 
[2022-03-20 10:19:38] [2]require_once(C:\xampp\htdocs\integrativeProgramming\/Function/announcement.php): failed to open stream: No such file or directory | Fatal error on line 13 in file C:\xampp\htdocs\integrativeProgramming\InstructorArea\AJAX\displayAnnounceList.php 
[2022-03-20 10:20:14] [2]require_once(C:\xampp\htdocs\integrativeProgramming\/Function/announcement.php): failed to open stream: No such file or directory | Fatal error on line 13 in file C:\xampp\htdocs\integrativeProgramming\InstructorArea\AJAX\displayAnnounceList.php 
[2022-03-20 10:29:04] [2]require_once(C:\xampp\htdocs\integrativeProgramming\/Function/announcement.php): failed to open stream: No such file or directory | Fatal error on line 13 in file C:\xampp\htdocs\integrativeProgramming\InstructorArea\AJAX\displayAnnounceList.php 
[2022-03-20 10:29:04] [2]require_once(C:\xampp\htdocs\integrativeProgramming\/Function/announcement.php): failed to open stream: No such file or directory | Fatal error on line 14 in file C:\xampp\htdocs\integrativeProgramming\InstructorArea\AJAX\displayAnnouncePagination.php 
[2022-03-20 10:39:34] [2]require_once(C:\xampp\htdocs\integrativeProgramming\/Function/announcement.php): failed to open stream: No such file or directory | Fatal error on line 13 in file C:\xampp\htdocs\integrativeProgramming\InstructorArea\AJAX\displayAnnounceList.php 
[2022-03-20 10:39:34] [2]require_once(C:\xampp\htdocs\integrativeProgramming\/Function/announcement.php): failed to open stream: No such file or directory | Fatal error on line 14 in file C:\xampp\htdocs\integrativeProgramming\InstructorArea\AJAX\displayAnnouncePagination.php 
[2022-03-20 10:41:06] [2]require_once(C:\xampp\htdocs\integrativeProgramming\/Function/announcement.php): failed to open stream: No such file or directory | Fatal error on line 13 in file C:\xampp\htdocs\integrativeProgramming\InstructorArea\AJAX\displayAnnounceList.php 
[2022-03-20 10:41:07] [2]require_once(C:\xampp\htdocs\integrativeProgramming\/Function/announcement.php): failed to open stream: No such file or directory | Fatal error on line 14 in file C:\xampp\htdocs\integrativeProgramming\InstructorArea\AJAX\displayAnnouncePagination.php 
[2022-03-20 10:51:03] [2]require_once(C:\xampp\htdocs\integrativeProgramming\/Function/announcement.php): failed to open stream: No such file or directory | Fatal error on line 13 in file C:\xampp\htdocs\integrativeProgramming\InstructorArea\AJAX\displayAnnounceList.php 
[2022-03-20 10:51:03] [2]require_once(C:\xampp\htdocs\integrativeProgramming\/Function/announcement.php): failed to open stream: No such file or directory | Fatal error on line 14 in file C:\xampp\htdocs\integrativeProgramming\InstructorArea\AJAX\displayAnnouncePagination.php 
[2022-03-20 10:53:49] [2]require_once(C:\xampp\htdocs\integrativeProgramming\/Function/announcement.php): failed to open stream: No such file or directory | Fatal error on line 13 in file C:\xampp\htdocs\integrativeProgramming\InstructorArea\AJAX\displayAnnounceList.php 
[2022-03-20 10:53:49] [2]require_once(C:\xampp\htdocs\integrativeProgramming\/Function/announcement.php): failed to open stream: No such file or directory | Fatal error on line 14 in file C:\xampp\htdocs\integrativeProgramming\InstructorArea\AJAX\displayAnnouncePagination.php 
[2022-03-20 10:56:27] [2]require_once(C:\xampp\htdocs\integrativeProgramming\/Function/announcement.php): failed to open stream: No such file or directory | Fatal error on line 13 in file C:\xampp\htdocs\integrativeProgramming\InstructorArea\AJAX\displayAnnounceList.php 
[2022-03-20 10:56:29] [2]require_once(C:\xampp\htdocs\integrativeProgramming\/Function/announcement.php): failed to open stream: No such file or directory | Fatal error on line 13 in file C:\xampp\htdocs\integrativeProgramming\InstructorArea\AJAX\displayAnnounceList.php 
[2022-03-20 11:06:35] [2]require_once(C:\xampp\htdocs\integrativeProgramming\/Function/announcement.php): failed to open stream: No such file or directory | Fatal error on line 14 in file C:\xampp\htdocs\integrativeProgramming\InstructorArea\AJAX\displayAnnouncePagination.php 
[2022-03-20 11:06:43] [2]require_once(C:\xampp\htdocs\integrativeProgramming\/Function/announcement.php): failed to open stream: No such file or directory | Fatal error on line 14 in file C:\xampp\htdocs\integrativeProgramming\InstructorArea\AJAX\displayAnnouncePagination.php 
[2022-03-20 11:07:34] [2]require_once(C:\xampp\htdocs\integrativeProgramming\/Function/announcement.php): failed to open stream: No such file or directory | Fatal error on line 13 in file C:\xampp\htdocs\integrativeProgramming\InstructorArea\AJAX\displayAnnounceList.php 
[2022-03-20 11:07:34] [2]require_once(C:\xampp\htdocs\integrativeProgramming\/Function/announcement.php): failed to open stream: No such file or directory | Fatal error on line 14 in file C:\xampp\htdocs\integrativeProgramming\InstructorArea\AJAX\displayAnnouncePagination.php 
[2022-03-20 11:11:12] [2]require_once(C:\xampp\htdocs\integrativeProgramming\/Function/announcement.php): failed to open stream: No such file or directory | Fatal error on line 12 in file C:\xampp\htdocs\integrativeProgramming\InstructorArea\AJAX\displayAnnounceList.php 
[2022-03-20 11:11:12] [2]require_once(C:\xampp\htdocs\integrativeProgramming\/Function/announcement.php): failed to open stream: No such file or directory | Fatal error on line 14 in file C:\xampp\htdocs\integrativeProgramming\InstructorArea\AJAX\displayAnnouncePagination.php 
[2022-03-20 11:11:24] [2]require_once(C:\xampp\htdocs\integrativeProgramming\/Function/announcement.php): failed to open stream: No such file or directory | Fatal error on line 12 in file C:\xampp\htdocs\integrativeProgramming\InstructorArea\AJAX\displayAnnounceList.php 
[2022-03-20 11:11:24] [2]require_once(C:\xampp\htdocs\integrativeProgramming\/Function/announcement.php): failed to open stream: No such file or directory | Fatal error on line 14 in file C:\xampp\htdocs\integrativeProgramming\InstructorArea\AJAX\displayAnnouncePagination.php 
[2022-03-20 11:11:29] [2]require_once(C:\xampp\htdocs\integrativeProgramming\/Function/announcement.php): failed to open stream: No such file or directory | Fatal error on line 12 in file C:\xampp\htdocs\integrativeProgramming\InstructorArea\AJAX\displayAnnounceList.php 
[2022-03-20 11:11:29] [2]require_once(C:\xampp\htdocs\integrativeProgramming\/Function/announcement.php): failed to open stream: No such file or directory | Fatal error on line 14 in file C:\xampp\htdocs\integrativeProgramming\InstructorArea\AJAX\displayAnnouncePagination.php 
[2022-03-20 11:17:23] [2]require_once(C:\xampp\htdocs\integrativeProgramming\/Function/announcement.php): failed to open stream: No such file or directory | Fatal error on line 12 in file C:\xampp\htdocs\integrativeProgramming\InstructorArea\AJAX\displayAnnounceList.php 
[2022-03-20 11:17:24] [2]require_once(C:\xampp\htdocs\integrativeProgramming\/Function/announcement.php): failed to open stream: No such file or directory | Fatal error on line 14 in file C:\xampp\htdocs\integrativeProgramming\InstructorArea\AJAX\displayAnnouncePagination.php 
[2022-03-20 11:19:22] [2]require_once(C:\xampp\htdocs\integrativeProgramming\/Function/announcement.php): failed to open stream: No such file or directory | Fatal error on line 14 in file C:\xampp\htdocs\integrativeProgramming\InstructorArea\AJAX\displayAnnouncePagination.php 
[2022-03-20 11:19:22] [2]require_once(C:\xampp\htdocs\integrativeProgramming\/Function/announcement.php): failed to open stream: No such file or directory | Fatal error on line 12 in file C:\xampp\htdocs\integrativeProgramming\InstructorArea\AJAX\displayAnnounceList.php 
[2022-03-20 11:19:29] [2]require_once(C:\xampp\htdocs\integrativeProgramming\/Function/announcement.php): failed to open stream: No such file or directory | Fatal error on line 14 in file C:\xampp\htdocs\integrativeProgramming\InstructorArea\AJAX\displayAnnouncePagination.php 
[2022-03-20 11:19:29] [2]require_once(C:\xampp\htdocs\integrativeProgramming\/Function/announcement.php): failed to open stream: No such file or directory | Fatal error on line 12 in file C:\xampp\htdocs\integrativeProgramming\InstructorArea\AJAX\displayAnnounceList.php 
[2022-03-20 11:19:32] [2]require_once(C:\xampp\htdocs\integrativeProgramming\/Function/announcement.php): failed to open stream: No such file or directory | Fatal error on line 14 in file C:\xampp\htdocs\integrativeProgramming\InstructorArea\AJAX\displayAnnouncePagination.php 
[2022-03-20 11:20:46] [2]require_once(C:\xampp\htdocs\integrativeProgramming\/Function/announcement.php): failed to open stream: No such file or directory | Fatal error on line 12 in file C:\xampp\htdocs\integrativeProgramming\InstructorArea\AJAX\displayAnnounceList.php 
[2022-03-20 11:20:46] [2]require_once(C:\xampp\htdocs\integrativeProgramming\/Function/announcement.php): failed to open stream: No such file or directory | Fatal error on line 14 in file C:\xampp\htdocs\integrativeProgramming\InstructorArea\AJAX\displayAnnouncePagination.php 
[2022-03-20 11:24:21] [2]require_once(C:\xampp\htdocs\integrativeProgramming\/Function/announcement.php): failed to open stream: No such file or directory | Fatal error on line 12 in file C:\xampp\htdocs\integrativeProgramming\InstructorArea\AJAX\displayAnnounceList.php 
[2022-03-20 11:24:21] [2]require_once(C:\xampp\htdocs\integrativeProgramming\/Function/announcement.php): failed to open stream: No such file or directory | Fatal error on line 14 in file C:\xampp\htdocs\integrativeProgramming\InstructorArea\AJAX\displayAnnouncePagination.php 
[2022-03-20 11:25:22] [2]require_once(C:\xampp\htdocs\integrativeProgramming\/Function/announcement.php): failed to open stream: No such file or directory | Fatal error on line 12 in file C:\xampp\htdocs\integrativeProgramming\InstructorArea\AJAX\displayAnnounceList.php 
[2022-03-20 11:25:22] [2]require_once(C:\xampp\htdocs\integrativeProgramming\/Function/announcement.php): failed to open stream: No such file or directory | Fatal error on line 14 in file C:\xampp\htdocs\integrativeProgramming\InstructorArea\AJAX\displayAnnouncePagination.php 
[2022-03-20 11:25:31] [2]require_once(C:\xampp\htdocs\integrativeProgramming\/Function/announcement.php): failed to open stream: No such file or directory | Fatal error on line 14 in file C:\xampp\htdocs\integrativeProgramming\InstructorArea\AJAX\displayAnnouncePagination.php 
[2022-03-20 11:26:06] [2]require_once(C:\xampp\htdocs\integrativeProgramming\/Function/announcement.php): failed to open stream: No such file or directory | Fatal error on line 12 in file C:\xampp\htdocs\integrativeProgramming\InstructorArea\AJAX\displayAnnounceList.php 
[2022-03-20 11:26:06] [2]require_once(C:\xampp\htdocs\integrativeProgramming\/Function/announcement.php): failed to open stream: No such file or directory | Fatal error on line 14 in file C:\xampp\htdocs\integrativeProgramming\InstructorArea\AJAX\displayAnnouncePagination.php 
[2022-03-20 11:27:51] [2]require_once(C:\xampp\htdocs\integrativeProgramming\/Function/announcement.php): failed to open stream: No such file or directory | Fatal error on line 12 in file C:\xampp\htdocs\integrativeProgramming\InstructorArea\AJAX\displayAnnounceList.php 
[2022-03-20 11:27:51] [2]require_once(C:\xampp\htdocs\integrativeProgramming\/Function/announcement.php): failed to open stream: No such file or directory | Fatal error on line 14 in file C:\xampp\htdocs\integrativeProgramming\InstructorArea\AJAX\displayAnnouncePagination.php 
[2022-03-20 11:27:58] [2]require_once(C:\xampp\htdocs\integrativeProgramming\/Function/announcement.php): failed to open stream: No such file or directory | Fatal error on line 12 in file C:\xampp\htdocs\integrativeProgramming\InstructorArea\AJAX\displayAnnounceList.php 
[2022-03-20 11:27:58] [2]require_once(C:\xampp\htdocs\integrativeProgramming\/Function/announcement.php): failed to open stream: No such file or directory | Fatal error on line 14 in file C:\xampp\htdocs\integrativeProgramming\InstructorArea\AJAX\displayAnnouncePagination.php 
[2022-03-20 11:33:09] [2]require_once(C:\xampp\htdocs\integrativeProgramming\/Function/announcement.php): failed to open stream: No such file or directory | Fatal error on line 12 in file C:\xampp\htdocs\integrativeProgramming\InstructorArea\AJAX\displayAnnounceList.php 
[2022-03-20 11:33:09] [2]require_once(C:\xampp\htdocs\integrativeProgramming\/Function/announcement.php): failed to open stream: No such file or directory | Fatal error on line 14 in file C:\xampp\htdocs\integrativeProgramming\InstructorArea\AJAX\displayAnnouncePagination.php 
[2022-03-20 11:33:33] [2]require_once(C:\xampp\htdocs\integrativeProgramming\/Function/announcement.php): failed to open stream: No such file or directory | Fatal error on line 14 in file C:\xampp\htdocs\integrativeProgramming\InstructorArea\AJAX\displayAnnouncePagination.php 
[2022-03-20 11:33:39] [2]require_once(C:\xampp\htdocs\integrativeProgramming\/Function/announcement.php): failed to open stream: No such file or directory | Fatal error on line 12 in file C:\xampp\htdocs\integrativeProgramming\InstructorArea\AJAX\displayAnnounceList.php 
[2022-03-20 11:33:39] [2]require_once(C:\xampp\htdocs\integrativeProgramming\/Function/announcement.php): failed to open stream: No such file or directory | Fatal error on line 14 in file C:\xampp\htdocs\integrativeProgramming\InstructorArea\AJAX\displayAnnouncePagination.php 
[2022-03-20 12:00:01] [2]require_once(C:\xampp\htdocs\integrativeProgramming\/Function/announcement.php): failed to open stream: No such file or directory | Fatal error on line 12 in file C:\xampp\htdocs\integrativeProgramming\InstructorArea\AJAX\displayAnnounceList.php 
[2022-03-20 12:00:01] [2]require_once(C:\xampp\htdocs\integrativeProgramming\/Function/announcement.php): failed to open stream: No such file or directory | Fatal error on line 14 in file C:\xampp\htdocs\integrativeProgramming\InstructorArea\AJAX\displayAnnouncePagination.php 
[2022-03-20 12:29:37] [2]require_once(C:\xampp\htdocs\integrativeProgramming\/Function/announcement.php): failed to open stream: No such file or directory | Fatal error on line 12 in file C:\xampp\htdocs\integrativeProgramming\InstructorArea\AJAX\displayAnnounceList.php 
[2022-03-20 12:29:37] [2]require_once(C:\xampp\htdocs\integrativeProgramming\/Function/announcement.php): failed to open stream: No such file or directory | Fatal error on line 14 in file C:\xampp\htdocs\integrativeProgramming\InstructorArea\AJAX\displayAnnouncePagination.php 
[2022-03-20 12:34:11] [2]require_once(C:\xampp\htdocs\integrativeProgramming\/Function/announcement.php): failed to open stream: No such file or directory | Fatal error on line 12 in file C:\xampp\htdocs\integrativeProgramming\InstructorArea\AJAX\displayAnnounceList.php 
[2022-03-20 12:34:11] [2]require_once(C:\xampp\htdocs\integrativeProgramming\/Function/announcement.php): failed to open stream: No such file or directory | Fatal error on line 14 in file C:\xampp\htdocs\integrativeProgramming\InstructorArea\AJAX\displayAnnouncePagination.php 
[2022-03-20 12:34:46] [2]require_once(C:\xampp\htdocs\integrativeProgramming\/Function/announcement.php): failed to open stream: No such file or directory | Fatal error on line 12 in file C:\xampp\htdocs\integrativeProgramming\InstructorArea\AJAX\displayAnnounceList.php 
[2022-03-20 12:34:46] [2]require_once(C:\xampp\htdocs\integrativeProgramming\/Function/announcement.php): failed to open stream: No such file or directory | Fatal error on line 14 in file C:\xampp\htdocs\integrativeProgramming\InstructorArea\AJAX\displayAnnouncePagination.php 
[2022-03-20 12:35:46] [2]require_once(C:\xampp\htdocs\integrativeProgramming\/Function/announcement.php): failed to open stream: No such file or directory | Fatal error on line 14 in file C:\xampp\htdocs\integrativeProgramming\InstructorArea\AJAX\displayAnnouncePagination.php 
[2022-03-20 12:36:36] [2]require_once(C:\xampp\htdocs\integrativeProgramming\/Function/announcement.php): failed to open stream: No such file or directory | Fatal error on line 12 in file C:\xampp\htdocs\integrativeProgramming\InstructorArea\AJAX\displayAnnounceList.php 
[2022-03-20 12:36:36] [2]require_once(C:\xampp\htdocs\integrativeProgramming\/Function/announcement.php): failed to open stream: No such file or directory | Fatal error on line 14 in file C:\xampp\htdocs\integrativeProgramming\InstructorArea\AJAX\displayAnnouncePagination.php 
[2022-03-20 12:38:47] [2]require_once(C:\xampp\htdocs\integrativeProgramming\/Function/announcement.php): failed to open stream: No such file or directory | Fatal error on line 12 in file C:\xampp\htdocs\integrativeProgramming\InstructorArea\AJAX\displayAnnounceList.php 
[2022-03-20 12:38:47] [2]require_once(C:\xampp\htdocs\integrativeProgramming\/Function/announcement.php): failed to open stream: No such file or directory | Fatal error on line 14 in file C:\xampp\htdocs\integrativeProgramming\InstructorArea\AJAX\displayAnnouncePagination.php 
[2022-03-20 12:50:15] [8]Uninitialized string offset: 0 | Fatal error on line 63 in file C:\xampp\htdocs\integrativeProgramming\InstructorArea\AJAX\displayAnnounceList.php 
[2022-03-20 12:50:15] [8]Undefined variable: desc | Fatal error on line 84 in file C:\xampp\htdocs\integrativeProgramming\InstructorArea\AJAX\displayAnnounceList.php 
[2022-03-20 12:51:00] [8]Uninitialized string offset: 0 | Fatal error on line 63 in file C:\xampp\htdocs\integrativeProgramming\InstructorArea\AJAX\displayAnnounceList.php 
[2022-03-20 12:51:00] [8]Undefined variable: desc | Fatal error on line 84 in file C:\xampp\htdocs\integrativeProgramming\InstructorArea\AJAX\displayAnnounceList.php 
[2022-03-21 13:23:38] [8]Undefined variable: i | Fatal error on line 61 in file C:\xampp\htdocs\IPAssignment\InstructorArea\AJAX\displayCourseList.php 
[2022-03-21 13:23:38] [8]Undefined index:  | Fatal error on line 114 in file C:\xampp\htdocs\IPAssignment\XML\XMLArray.php 
[2022-04-20 18:00:47] [8192]Return type of XMLArray::current() should either be compatible with Iterator::current(): mixed, or the #[\ReturnTypeWillChange] attribute should be used to temporarily suppress the notice | Fatal error on line 60 in file C:\xampp\htdocs\integrativeProgramming\XML\XMLArray.php 
[2022-04-20 18:00:47] [8192]Return type of XMLArray::next() should either be compatible with Iterator::next(): void, or the #[\ReturnTypeWillChange] attribute should be used to temporarily suppress the notice | Fatal error on line 68 in file C:\xampp\htdocs\integrativeProgramming\XML\XMLArray.php 
[2022-04-20 18:00:47] [8192]XMLArray implements the Serializable interface, which is deprecated. Implement __serialize() and __unserialize() instead (or in addition, if support for old PHP versions is necessary) | Fatal error on line 15 in file C:\xampp\htdocs\integrativeProgramming\XML\XMLArray.php 
[2022-04-20 18:00:47] [8192]Return type of XMLArray::offsetGet($offset) should either be compatible with ArrayAccess::offsetGet(mixed $offset): mixed, or the #[\ReturnTypeWillChange] attribute should be used to temporarily suppress the notice | Fatal error on line 118 in file C:\xampp\htdocs\integrativeProgramming\XML\XMLArray.php 
[2022-04-20 18:01:25] [8192]Return type of XMLArray::current() should either be compatible with Iterator::current(): mixed, or the #[\ReturnTypeWillChange] attribute should be used to temporarily suppress the notice | Fatal error on line 60 in file C:\xampp\htdocs\integrativeProgramming\XML\XMLArray.php 
[2022-04-20 18:01:25] [8192]Return type of XMLArray::next() should either be compatible with Iterator::next(): void, or the #[\ReturnTypeWillChange] attribute should be used to temporarily suppress the notice | Fatal error on line 68 in file C:\xampp\htdocs\integrativeProgramming\XML\XMLArray.php 
[2022-04-20 18:01:25] [8192]XMLArray implements the Serializable interface, which is deprecated. Implement __serialize() and __unserialize() instead (or in addition, if support for old PHP versions is necessary) | Fatal error on line 15 in file C:\xampp\htdocs\integrativeProgramming\XML\XMLArray.php 
[2022-04-20 18:01:25] [8192]Return type of XMLArray::offsetGet($offset) should either be compatible with ArrayAccess::offsetGet(mixed $offset): mixed, or the #[\ReturnTypeWillChange] attribute should be used to temporarily suppress the notice | Fatal error on line 118 in file C:\xampp\htdocs\integrativeProgramming\XML\XMLArray.php 
[2022-04-20 18:01:45] [8192]Return type of XMLArray::current() should either be compatible with Iterator::current(): mixed, or the #[\ReturnTypeWillChange] attribute should be used to temporarily suppress the notice | Fatal error on line 60 in file C:\xampp\htdocs\integrativeProgramming\XML\XMLArray.php 
[2022-04-20 18:01:45] [8192]Return type of XMLArray::next() should either be compatible with Iterator::next(): void, or the #[\ReturnTypeWillChange] attribute should be used to temporarily suppress the notice | Fatal error on line 68 in file C:\xampp\htdocs\integrativeProgramming\XML\XMLArray.php 
[2022-04-20 18:01:45] [8192]XMLArray implements the Serializable interface, which is deprecated. Implement __serialize() and __unserialize() instead (or in addition, if support for old PHP versions is necessary) | Fatal error on line 15 in file C:\xampp\htdocs\integrativeProgramming\XML\XMLArray.php 
[2022-04-20 18:01:45] [8192]Return type of XMLArray::offsetGet($offset) should either be compatible with ArrayAccess::offsetGet(mixed $offset): mixed, or the #[\ReturnTypeWillChange] attribute should be used to temporarily suppress the notice | Fatal error on line 118 in file C:\xampp\htdocs\integrativeProgramming\XML\XMLArray.php 
[2022-04-20 18:03:24] [8192]Return type of XMLArray::current() should either be compatible with Iterator::current(): mixed, or the #[\ReturnTypeWillChange] attribute should be used to temporarily suppress the notice | Fatal error on line 60 in file C:\xampp\htdocs\integrativeProgramming\XML\XMLArray.php 
[2022-04-20 18:03:24] [8192]Return type of XMLArray::next() should either be compatible with Iterator::next(): void, or the #[\ReturnTypeWillChange] attribute should be used to temporarily suppress the notice | Fatal error on line 68 in file C:\xampp\htdocs\integrativeProgramming\XML\XMLArray.php 
[2022-04-20 18:03:24] [8192]XMLArray implements the Serializable interface, which is deprecated. Implement __serialize() and __unserialize() instead (or in addition, if support for old PHP versions is necessary) | Fatal error on line 15 in file C:\xampp\htdocs\integrativeProgramming\XML\XMLArray.php 
[2022-04-20 18:03:24] [8192]Return type of XMLArray::offsetGet($offset) should either be compatible with ArrayAccess::offsetGet(mixed $offset): mixed, or the #[\ReturnTypeWillChange] attribute should be used to temporarily suppress the notice | Fatal error on line 118 in file C:\xampp\htdocs\integrativeProgramming\XML\XMLArray.php 
[2022-04-20 18:03:46] [8192]Return type of XMLArray::current() should either be compatible with Iterator::current(): mixed, or the #[\ReturnTypeWillChange] attribute should be used to temporarily suppress the notice | Fatal error on line 60 in file C:\xampp\htdocs\integrativeProgramming\XML\XMLArray.php 
[2022-04-20 18:03:46] [8192]Return type of XMLArray::next() should either be compatible with Iterator::next(): void, or the #[\ReturnTypeWillChange] attribute should be used to temporarily suppress the notice | Fatal error on line 68 in file C:\xampp\htdocs\integrativeProgramming\XML\XMLArray.php 
[2022-04-20 18:03:46] [8192]XMLArray implements the Serializable interface, which is deprecated. Implement __serialize() and __unserialize() instead (or in addition, if support for old PHP versions is necessary) | Fatal error on line 15 in file C:\xampp\htdocs\integrativeProgramming\XML\XMLArray.php 
[2022-04-20 18:03:46] [8192]Return type of XMLArray::offsetGet($offset) should either be compatible with ArrayAccess::offsetGet(mixed $offset): mixed, or the #[\ReturnTypeWillChange] attribute should be used to temporarily suppress the notice | Fatal error on line 118 in file C:\xampp\htdocs\integrativeProgramming\XML\XMLArray.php 
[2022-04-20 18:03:46] [8192]Return type of XMLArray::current() should either be compatible with Iterator::current(): mixed, or the #[\ReturnTypeWillChange] attribute should be used to temporarily suppress the notice | Fatal error on line 60 in file C:\xampp\htdocs\integrativeProgramming\XML\XMLArray.php 
[2022-04-20 18:03:46] [8192]Return type of XMLArray::next() should either be compatible with Iterator::next(): void, or the #[\ReturnTypeWillChange] attribute should be used to temporarily suppress the notice | Fatal error on line 68 in file C:\xampp\htdocs\integrativeProgramming\XML\XMLArray.php 
[2022-04-20 18:03:46] [8192]XMLArray implements the Serializable interface, which is deprecated. Implement __serialize() and __unserialize() instead (or in addition, if support for old PHP versions is necessary) | Fatal error on line 15 in file C:\xampp\htdocs\integrativeProgramming\XML\XMLArray.php 
[2022-04-20 18:03:46] [8192]Return type of XMLArray::offsetGet($offset) should either be compatible with ArrayAccess::offsetGet(mixed $offset): mixed, or the #[\ReturnTypeWillChange] attribute should be used to temporarily suppress the notice | Fatal error on line 118 in file C:\xampp\htdocs\integrativeProgramming\XML\XMLArray.php 
[2022-04-20 18:05:10] [8192]Return type of XMLArray::current() should either be compatible with Iterator::current(): mixed, or the #[\ReturnTypeWillChange] attribute should be used to temporarily suppress the notice | Fatal error on line 60 in file C:\xampp\htdocs\integrativeProgramming\XML\XMLArray.php 
[2022-04-20 18:05:10] [8192]Return type of XMLArray::current() should either be compatible with Iterator::current(): mixed, or the #[\ReturnTypeWillChange] attribute should be used to temporarily suppress the notice | Fatal error on line 60 in file C:\xampp\htdocs\integrativeProgramming\XML\XMLArray.php 
[2022-04-20 18:05:10] [8192]Return type of XMLArray::next() should either be compatible with Iterator::next(): void, or the #[\ReturnTypeWillChange] attribute should be used to temporarily suppress the notice | Fatal error on line 68 in file C:\xampp\htdocs\integrativeProgramming\XML\XMLArray.php 
[2022-04-20 18:05:10] [8192]XMLArray implements the Serializable interface, which is deprecated. Implement __serialize() and __unserialize() instead (or in addition, if support for old PHP versions is necessary) | Fatal error on line 15 in file C:\xampp\htdocs\integrativeProgramming\XML\XMLArray.php 
[2022-04-20 18:05:10] [8192]Return type of XMLArray::offsetGet($offset) should either be compatible with ArrayAccess::offsetGet(mixed $offset): mixed, or the #[\ReturnTypeWillChange] attribute should be used to temporarily suppress the notice | Fatal error on line 118 in file C:\xampp\htdocs\integrativeProgramming\XML\XMLArray.php 
[2022-04-20 18:05:10] [8192]Return type of XMLArray::offsetGet($offset) should either be compatible with ArrayAccess::offsetGet(mixed $offset): mixed, or the #[\ReturnTypeWillChange] attribute should be used to temporarily suppress the notice | Fatal error on line 118 in file C:\xampp\htdocs\integrativeProgramming\XML\XMLArray.php 
